<?xml version="1.0" encoding="UTF-8"?>
<!-- Generated by org.testng.reporters.JUnitReportReporter -->
<testsuite hostname="DESKTOP-HB25A9N" failures="0" tests="4" name="org.rntgroup.CalcUnitTests.SumLongTest" time="0.010" errors="0" timestamp="2024-02-27T13:14:16 MSK" skipped="0">
  <testcase classname="org.rntgroup.CalcUnitTests.SumLongTest" name="unitSumTest" time="0.006"/>
  <testcase classname="org.rntgroup.CalcUnitTests.SumLongTest" name="unitSumTest" time="0.001"/>
  <testcase classname="org.rntgroup.CalcUnitTests.SumLongTest" name="unitSumTest" time="0.002"/>
  <testcase classname="org.rntgroup.CalcUnitTests.SumLongTest" name="unitSumTest" time="0.001"/>
</testsuite> <!-- org.rntgroup.CalcUnitTests.SumLongTest -->
