<?xml version="1.0" encoding="UTF-8"?>
<!-- Generated by org.testng.reporters.JUnitReportReporter -->
<testsuite hostname="DESKTOP-HB25A9N" failures="0" tests="5" name="org.rntgroup.CalcUnitTests.org.rntgroup.CalcUnitTest.SumLongTest" time="0.014" errors="0" timestamp="2024-02-29T13:20:20 MSK" skipped="0">
  <testcase classname="org.rntgroup.CalcUnitTests.org.rntgroup.CalcUnitTest.SumLongTest" name="unitSumLongTest" time="0.002"/>
  <testcase classname="org.rntgroup.CalcUnitTests.org.rntgroup.CalcUnitTest.SumLongTest" name="unitSumLongTest" time="0.009"/>
  <testcase classname="org.rntgroup.CalcUnitTests.org.rntgroup.CalcUnitTest.SumLongTest" name="unitSumLongTest" time="0.001"/>
  <testcase classname="org.rntgroup.CalcUnitTests.org.rntgroup.CalcUnitTest.SumLongTest" name="unitSumLongTest" time="0.001"/>
  <testcase classname="org.rntgroup.CalcUnitTests.org.rntgroup.CalcUnitTest.SumLongTest" name="unitSumLongTest" time="0.001"/>
</testsuite> <!-- org.rntgroup.CalcUnitTests.org.rntgroup.CalcUnitTest.SumLongTest -->
