<?xml version="1.0" encoding="UTF-8"?>
<!-- Generated by org.testng.reporters.JUnitReportReporter -->
<testsuite hostname="DESKTOP-HB25A9N" failures="0" tests="3" name="org.rntgroup.CalcUnitTests.org.rntgroup.CalcUnitTest.IsPositiveSignTest" time="0.000" errors="0" timestamp="2024-02-29T13:20:20 MSK" skipped="0">
  <testcase classname="org.rntgroup.CalcUnitTests.org.rntgroup.CalcUnitTest.IsPositiveSignTest" name="unitIsPositiveSignTest" time="0.000"/>
  <testcase classname="org.rntgroup.CalcUnitTests.org.rntgroup.CalcUnitTest.IsPositiveSignTest" name="unitIsPositiveSignTest" time="0.000"/>
  <testcase classname="org.rntgroup.CalcUnitTests.org.rntgroup.CalcUnitTest.IsPositiveSignTest" name="unitIsPositiveSignTest" time="0.000"/>
</testsuite> <!-- org.rntgroup.CalcUnitTests.org.rntgroup.CalcUnitTest.IsPositiveSignTest -->
