<?xml version="1.0" encoding="UTF-8"?>
<!-- Generated by org.testng.reporters.JUnitReportReporter -->
<testsuite hostname="DESKTOP-HB25A9N" failures="0" tests="10" name="org.rntgroup.CalcUnitTests.SumLongTest" time="0.024" errors="0" timestamp="2024-02-28T21:56:22 MSK" skipped="0">
  <testcase classname="org.rntgroup.CalcUnitTests.SumLongTest" name="unitSumLongTest" time="0.001"/>
  <testcase classname="org.rntgroup.CalcUnitTests.SumLongTest" name="unitSumLongTest" time="0.001"/>
  <testcase classname="org.rntgroup.CalcUnitTests.SumLongTest" name="unitSumLongTest" time="0.001"/>
  <testcase classname="org.rntgroup.CalcUnitTests.SumLongTest" name="unitSumLongTest" time="0.003"/>
  <testcase classname="org.rntgroup.CalcUnitTests.SumLongTest" name="unitSumLongTest" time="0.010"/>
  <testcase classname="org.rntgroup.CalcUnitTests.SumLongTest" name="unitSumLongTest" time="0.003"/>
  <testcase classname="org.rntgroup.CalcUnitTests.SumLongTest" name="unitSumLongTest" time="0.002"/>
  <testcase classname="org.rntgroup.CalcUnitTests.SumLongTest" name="unitSumLongTest" time="0.002"/>
  <testcase classname="org.rntgroup.CalcUnitTests.SumLongTest" name="unitSumLongTest" time="0.001"/>
  <testcase classname="org.rntgroup.CalcUnitTests.SumLongTest" name="unitSumLongTest" time="0.000"/>
</testsuite> <!-- org.rntgroup.CalcUnitTests.SumLongTest -->
