<?xml version="1.0" encoding="UTF-8"?>
<!-- Generated by org.testng.reporters.JUnitReportReporter -->
<testsuite hostname="DESKTOP-HB25A9N" failures="0" tests="5" name="org.rntgroup.CalcUnitTests.MultiplyLongTest" time="0.004" errors="0" timestamp="2024-02-28T21:56:22 MSK" skipped="0">
  <testcase classname="org.rntgroup.CalcUnitTests.MultiplyLongTest" name="unitMultiplyLongTest" time="0.001"/>
  <testcase classname="org.rntgroup.CalcUnitTests.MultiplyLongTest" name="unitMultiplyLongTest" time="0.001"/>
  <testcase classname="org.rntgroup.CalcUnitTests.MultiplyLongTest" name="unitMultiplyLongTest" time="0.001"/>
  <testcase classname="org.rntgroup.CalcUnitTests.MultiplyLongTest" name="unitMultiplyLongTest" time="0.000"/>
  <testcase classname="org.rntgroup.CalcUnitTests.MultiplyLongTest" name="unitMultiplyLongTest" time="0.001"/>
</testsuite> <!-- org.rntgroup.CalcUnitTests.MultiplyLongTest -->
